[debug] [2025-11-22T10:16:33.359Z] ----------------------------------------------------------------------
[debug] [2025-11-22T10:16:33.388Z] Command:       C:\nvm4w\nodejs\node.exe C:\Users\chandrakant\AppData\Roaming\npm\node_modules\firebase-tools\lib\bin\firebase.js deploy --only hosting
[debug] [2025-11-22T10:16:33.388Z] CLI Version:   14.4.0
[debug] [2025-11-22T10:16:33.388Z] Platform:      win32
[debug] [2025-11-22T10:16:33.388Z] Node Version:  v22.14.0
[debug] [2025-11-22T10:16:33.389Z] Time:          Sat Nov 22 2025 15:46:33 GMT+0530 (India Standard Time)
[debug] [2025-11-22T10:16:33.389Z] ----------------------------------------------------------------------
[debug] 
[debug] [2025-11-22T10:16:33.835Z] > command requires scopes: ["email","openid","https://www.googleapis.com/auth/cloudplatformprojects.readonly","https://www.googleapis.com/auth/firebase","https://www.googleapis.com/auth/cloud-platform"]
[debug] [2025-11-22T10:16:33.836Z] > authorizing via signed-in user (chandrakantteotia@gmail.com)
[debug] [2025-11-22T10:16:33.836Z] [iam] checking project hackindia-9574c for permissions ["firebase.projects.get","firebasehosting.sites.update"]
[debug] [2025-11-22T10:16:33.839Z] Checked if tokens are valid: false, expires at: 1744424123626
[debug] [2025-11-22T10:16:33.839Z] Checked if tokens are valid: false, expires at: 1744424123626
[debug] [2025-11-22T10:16:33.839Z] > refreshing access token with scopes: []
[debug] [2025-11-22T10:16:33.842Z] >>> [apiv2][query] POST https://www.googleapis.com/oauth2/v3/token [none]
[debug] [2025-11-22T10:16:33.843Z] >>> [apiv2][body] POST https://www.googleapis.com/oauth2/v3/token [omitted]
[debug] [2025-11-22T10:16:34.411Z] <<< [apiv2][status] POST https://www.googleapis.com/oauth2/v3/token 400
[debug] [2025-11-22T10:16:34.411Z] <<< [apiv2][body] POST https://www.googleapis.com/oauth2/v3/token [omitted]
[debug] [2025-11-22T10:16:34.411Z] >>> [apiv2][query] POST https://cloudresourcemanager.googleapis.com/v1/projects/hackindia-9574c:testIamPermissions [none]
[debug] [2025-11-22T10:16:34.411Z] >>> [apiv2][(partial)header] POST https://cloudresourcemanager.googleapis.com/v1/projects/hackindia-9574c:testIamPermissions x-goog-quota-user=projects/hackindia-9574c
[debug] [2025-11-22T10:16:34.412Z] >>> [apiv2][body] POST https://cloudresourcemanager.googleapis.com/v1/projects/hackindia-9574c:testIamPermissions {"permissions":["firebase.projects.get","firebasehosting.sites.update"]}
[debug] [2025-11-22T10:16:36.185Z] <<< [apiv2][status] POST https://cloudresourcemanager.googleapis.com/v1/projects/hackindia-9574c:testIamPermissions 401
[debug] [2025-11-22T10:16:36.185Z] <<< [apiv2][body] POST https://cloudresourcemanager.googleapis.com/v1/projects/hackindia-9574c:testIamPermissions {"error":{"code":401,"message":"Request had invalid authentication credentials. Expected OAuth 2 access token, login cookie or other valid authentication credential. See https://developers.google.com/identity/sign-in/web/devconsole-project.","status":"UNAUTHENTICATED","details":[{"@type":"type.googleapis.com/google.rpc.ErrorInfo","reason":"ACCESS_TOKEN_TYPE_UNSUPPORTED","metadata":{"method":"google.cloudresourcemanager.v1.Projects.TestIamPermissions","service":"cloudresourcemanager.googleapis.com"}}]}}
[debug] [2025-11-22T10:16:36.185Z] Got a 401 Unauthenticated error for a call that required authentication. Refreshing tokens.
[debug] [2025-11-22T10:16:36.185Z] Checked if tokens are valid: false, expires at: 1744424123626
[debug] [2025-11-22T10:16:36.185Z] Checked if tokens are valid: false, expires at: 1744424123626
[debug] [2025-11-22T10:16:36.185Z] > refreshing access token with scopes: []
[debug] [2025-11-22T10:16:36.186Z] >>> [apiv2][query] POST https://www.googleapis.com/oauth2/v3/token [none]
[debug] [2025-11-22T10:16:36.186Z] >>> [apiv2][body] POST https://www.googleapis.com/oauth2/v3/token [omitted]
[debug] [2025-11-22T10:16:36.339Z] <<< [apiv2][status] POST https://www.googleapis.com/oauth2/v3/token 400
[debug] [2025-11-22T10:16:36.339Z] <<< [apiv2][body] POST https://www.googleapis.com/oauth2/v3/token [omitted]
[debug] [2025-11-22T10:16:36.340Z] [iam] error while checking permissions, command may fail: Request to https://cloudresourcemanager.googleapis.com/v1/projects/hackindia-9574c:testIamPermissions had HTTP Error: 401, Request had invalid authentication credentials. Expected OAuth 2 access token, login cookie or other valid authentication credential. See https://developers.google.com/identity/sign-in/web/devconsole-project.
[debug] [2025-11-22T10:16:36.341Z] Checked if tokens are valid: false, expires at: 1744424123626
[debug] [2025-11-22T10:16:36.341Z] Checked if tokens are valid: false, expires at: 1744424123626
[debug] [2025-11-22T10:16:36.341Z] > refreshing access token with scopes: []
[debug] [2025-11-22T10:16:36.342Z] >>> [apiv2][query] POST https://www.googleapis.com/oauth2/v3/token [none]
[debug] [2025-11-22T10:16:36.342Z] >>> [apiv2][body] POST https://www.googleapis.com/oauth2/v3/token [omitted]
[debug] [2025-11-22T10:16:36.506Z] <<< [apiv2][status] POST https://www.googleapis.com/oauth2/v3/token 400
[debug] [2025-11-22T10:16:36.506Z] <<< [apiv2][body] POST https://www.googleapis.com/oauth2/v3/token [omitted]
[debug] [2025-11-22T10:16:36.507Z] >>> [apiv2][query] GET https://firebase.googleapis.com/v1beta1/projects/hackindia-9574c [none]
[debug] [2025-11-22T10:16:37.141Z] <<< [apiv2][status] GET https://firebase.googleapis.com/v1beta1/projects/hackindia-9574c 401
[debug] [2025-11-22T10:16:37.141Z] <<< [apiv2][body] GET https://firebase.googleapis.com/v1beta1/projects/hackindia-9574c {"error":{"code":401,"message":"Request had invalid authentication credentials. Expected OAuth 2 access token, login cookie or other valid authentication credential. See https://developers.google.com/identity/sign-in/web/devconsole-project.","status":"UNAUTHENTICATED"}}
[debug] [2025-11-22T10:16:37.141Z] Got a 401 Unauthenticated error for a call that required authentication. Refreshing tokens.
[debug] [2025-11-22T10:16:37.141Z] Checked if tokens are valid: false, expires at: 1744424123626
[debug] [2025-11-22T10:16:37.141Z] Checked if tokens are valid: false, expires at: 1744424123626
[debug] [2025-11-22T10:16:37.141Z] > refreshing access token with scopes: []
[debug] [2025-11-22T10:16:37.142Z] >>> [apiv2][query] POST https://www.googleapis.com/oauth2/v3/token [none]
[debug] [2025-11-22T10:16:37.142Z] >>> [apiv2][body] POST https://www.googleapis.com/oauth2/v3/token [omitted]
[debug] [2025-11-22T10:16:37.271Z] <<< [apiv2][status] POST https://www.googleapis.com/oauth2/v3/token 400
[debug] [2025-11-22T10:16:37.272Z] <<< [apiv2][body] POST https://www.googleapis.com/oauth2/v3/token [omitted]
[debug] [2025-11-22T10:16:37.272Z] Request to https://firebase.googleapis.com/v1beta1/projects/hackindia-9574c had HTTP Error: 401, Request had invalid authentication credentials. Expected OAuth 2 access token, login cookie or other valid authentication credential. See https://developers.google.com/identity/sign-in/web/devconsole-project.
[error] 
[error] Error: Assertion failed: resolving hosting target of a site with no site name or target name. This should have caused an error earlier
[debug] [2025-11-22T10:17:06.619Z] ----------------------------------------------------------------------
[debug] [2025-11-22T10:17:06.622Z] Command:       C:\nvm4w\nodejs\node.exe C:\Users\chandrakant\AppData\Roaming\npm\node_modules\firebase-tools\lib\bin\firebase.js init hosting
[debug] [2025-11-22T10:17:06.623Z] CLI Version:   14.4.0
[debug] [2025-11-22T10:17:06.623Z] Platform:      win32
[debug] [2025-11-22T10:17:06.623Z] Node Version:  v22.14.0
[debug] [2025-11-22T10:17:06.624Z] Time:          Sat Nov 22 2025 15:47:06 GMT+0530 (India Standard Time)
[debug] [2025-11-22T10:17:06.624Z] ----------------------------------------------------------------------
[debug] 
[debug] [2025-11-22T10:17:07.029Z] > command requires scopes: ["email","openid","https://www.googleapis.com/auth/cloudplatformprojects.readonly","https://www.googleapis.com/auth/firebase","https://www.googleapis.com/auth/cloud-platform"]
[debug] [2025-11-22T10:17:07.030Z] > authorizing via signed-in user (chandrakantteotia@gmail.com)
[info] 
     ######## #### ########  ######## ########     ###     ######  ########
     ##        ##  ##     ## ##       ##     ##  ##   ##  ##       ##
     ######    ##  ########  ######   ########  #########  ######  ######
     ##        ##  ##    ##  ##       ##     ## ##     ##       ## ##
     ##       #### ##     ## ######## ########  ##     ##  ######  ########

You're about to initialize a Firebase project in this directory:

  C:\Users\chandrakant\Desktop\SharpPlayWeb

Before we get started, keep in mind:

  * You are initializing within an existing Firebase project directory

[info] 
=== Project Setup
[info] 
[info] First, let's associate this project directory with a Firebase project.
[info] You can create multiple project aliases by running firebase use --add, 
[info] but for now we'll just set up a default project.
[info] 
[debug] [2025-11-22T10:17:10.089Z] Using project from CLI flag: hackindia-9574c
[debug] [2025-11-22T10:17:10.090Z] Checked if tokens are valid: false, expires at: 1744424123626
[debug] [2025-11-22T10:17:10.090Z] Checked if tokens are valid: false, expires at: 1744424123626
[debug] [2025-11-22T10:17:10.091Z] > refreshing access token with scopes: []
[debug] [2025-11-22T10:17:10.095Z] >>> [apiv2][query] POST https://www.googleapis.com/oauth2/v3/token [none]
[debug] [2025-11-22T10:17:10.096Z] >>> [apiv2][body] POST https://www.googleapis.com/oauth2/v3/token [omitted]
[debug] [2025-11-22T10:17:10.463Z] <<< [apiv2][status] POST https://www.googleapis.com/oauth2/v3/token 400
[debug] [2025-11-22T10:17:10.463Z] <<< [apiv2][body] POST https://www.googleapis.com/oauth2/v3/token [omitted]
[debug] [2025-11-22T10:17:10.464Z] >>> [apiv2][query] GET https://firebase.googleapis.com/v1beta1/projects/hackindia-9574c [none]
[debug] [2025-11-22T10:17:10.824Z] <<< [apiv2][status] GET https://firebase.googleapis.com/v1beta1/projects/hackindia-9574c 401
[debug] [2025-11-22T10:17:10.824Z] <<< [apiv2][body] GET https://firebase.googleapis.com/v1beta1/projects/hackindia-9574c {"error":{"code":401,"message":"Request had invalid authentication credentials. Expected OAuth 2 access token, login cookie or other valid authentication credential. See https://developers.google.com/identity/sign-in/web/devconsole-project.","status":"UNAUTHENTICATED"}}
[debug] [2025-11-22T10:17:10.824Z] Got a 401 Unauthenticated error for a call that required authentication. Refreshing tokens.
[debug] [2025-11-22T10:17:10.824Z] Checked if tokens are valid: false, expires at: 1744424123626
[debug] [2025-11-22T10:17:10.825Z] Checked if tokens are valid: false, expires at: 1744424123626
[debug] [2025-11-22T10:17:10.825Z] > refreshing access token with scopes: []
[debug] [2025-11-22T10:17:10.826Z] >>> [apiv2][query] POST https://www.googleapis.com/oauth2/v3/token [none]
[debug] [2025-11-22T10:17:10.826Z] >>> [apiv2][body] POST https://www.googleapis.com/oauth2/v3/token [omitted]
[debug] [2025-11-22T10:17:10.976Z] <<< [apiv2][status] POST https://www.googleapis.com/oauth2/v3/token 400
[debug] [2025-11-22T10:17:10.976Z] <<< [apiv2][body] POST https://www.googleapis.com/oauth2/v3/token [omitted]
[debug] [2025-11-22T10:17:10.976Z] Request to https://firebase.googleapis.com/v1beta1/projects/hackindia-9574c had HTTP Error: 401, Request had invalid authentication credentials. Expected OAuth 2 access token, login cookie or other valid authentication credential. See https://developers.google.com/identity/sign-in/web/devconsole-project.
[debug] [2025-11-22T10:17:11.494Z] FirebaseError: Request to https://firebase.googleapis.com/v1beta1/projects/hackindia-9574c had HTTP Error: 401, Request had invalid authentication credentials. Expected OAuth 2 access token, login cookie or other valid authentication credential. See https://developers.google.com/identity/sign-in/web/devconsole-project.
    at responseToError (C:\Users\chandrakant\AppData\Roaming\npm\node_modules\firebase-tools\lib\responseToError.js:52:12)
    at RetryOperation._fn (C:\Users\chandrakant\AppData\Roaming\npm\node_modules\firebase-tools\lib\apiv2.js:312:77)
    at process.processTicksAndRejections (node:internal/process/task_queues:105:5)
[error] 
[error] Error: Failed to get Firebase project hackindia-9574c. Please make sure the project exists and your account has permission to access it.
[debug] [2025-11-22T10:17:27.479Z] ----------------------------------------------------------------------
[debug] [2025-11-22T10:17:27.485Z] Command:       C:\nvm4w\nodejs\node.exe C:\Users\chandrakant\AppData\Roaming\npm\node_modules\firebase-tools\lib\bin\firebase.js projects:list
[debug] [2025-11-22T10:17:27.486Z] CLI Version:   14.4.0
[debug] [2025-11-22T10:17:27.486Z] Platform:      win32
[debug] [2025-11-22T10:17:27.487Z] Node Version:  v22.14.0
[debug] [2025-11-22T10:17:27.488Z] Time:          Sat Nov 22 2025 15:47:27 GMT+0530 (India Standard Time)
[debug] [2025-11-22T10:17:27.489Z] ----------------------------------------------------------------------
[debug] 
[debug] [2025-11-22T10:17:27.925Z] > command requires scopes: ["email","openid","https://www.googleapis.com/auth/cloudplatformprojects.readonly","https://www.googleapis.com/auth/firebase","https://www.googleapis.com/auth/cloud-platform"]
[debug] [2025-11-22T10:17:27.926Z] > authorizing via signed-in user (chandrakantteotia@gmail.com)
[debug] [2025-11-22T10:17:27.932Z] Checked if tokens are valid: false, expires at: 1744424123626
[debug] [2025-11-22T10:17:27.933Z] Checked if tokens are valid: false, expires at: 1744424123626
[debug] [2025-11-22T10:17:27.933Z] > refreshing access token with scopes: []
[debug] [2025-11-22T10:17:27.936Z] >>> [apiv2][query] POST https://www.googleapis.com/oauth2/v3/token [none]
[debug] [2025-11-22T10:17:27.936Z] >>> [apiv2][body] POST https://www.googleapis.com/oauth2/v3/token [omitted]
[debug] [2025-11-22T10:17:28.320Z] <<< [apiv2][status] POST https://www.googleapis.com/oauth2/v3/token 400
[debug] [2025-11-22T10:17:28.321Z] <<< [apiv2][body] POST https://www.googleapis.com/oauth2/v3/token [omitted]
[debug] [2025-11-22T10:17:28.322Z] >>> [apiv2][query] GET https://firebase.googleapis.com/v1beta1/projects pageSize=1000
[debug] [2025-11-22T10:17:28.876Z] <<< [apiv2][status] GET https://firebase.googleapis.com/v1beta1/projects 401
[debug] [2025-11-22T10:17:28.877Z] <<< [apiv2][body] GET https://firebase.googleapis.com/v1beta1/projects [omitted]
[debug] [2025-11-22T10:17:28.878Z] Got a 401 Unauthenticated error for a call that required authentication. Refreshing tokens.
[debug] [2025-11-22T10:17:28.878Z] Checked if tokens are valid: false, expires at: 1744424123626
[debug] [2025-11-22T10:17:28.878Z] Checked if tokens are valid: false, expires at: 1744424123626
[debug] [2025-11-22T10:17:28.878Z] > refreshing access token with scopes: []
[debug] [2025-11-22T10:17:28.879Z] >>> [apiv2][query] POST https://www.googleapis.com/oauth2/v3/token [none]
[debug] [2025-11-22T10:17:28.879Z] >>> [apiv2][body] POST https://www.googleapis.com/oauth2/v3/token [omitted]
[debug] [2025-11-22T10:17:29.042Z] <<< [apiv2][status] POST https://www.googleapis.com/oauth2/v3/token 400
[debug] [2025-11-22T10:17:29.042Z] <<< [apiv2][body] POST https://www.googleapis.com/oauth2/v3/token [omitted]
[debug] [2025-11-22T10:17:29.044Z] Request to https://firebase.googleapis.com/v1beta1/projects?pageSize=1000 had HTTP Error: 401, Request had invalid authentication credentials. Expected OAuth 2 access token, login cookie or other valid authentication credential. See https://developers.google.com/identity/sign-in/web/devconsole-project.
[debug] [2025-11-22T10:17:29.332Z] FirebaseError: Request to https://firebase.googleapis.com/v1beta1/projects?pageSize=1000 had HTTP Error: 401, Request had invalid authentication credentials. Expected OAuth 2 access token, login cookie or other valid authentication credential. See https://developers.google.com/identity/sign-in/web/devconsole-project.
    at responseToError (C:\Users\chandrakant\AppData\Roaming\npm\node_modules\firebase-tools\lib\responseToError.js:52:12)
    at RetryOperation._fn (C:\Users\chandrakant\AppData\Roaming\npm\node_modules\firebase-tools\lib\apiv2.js:312:77)
    at process.processTicksAndRejections (node:internal/process/task_queues:105:5)
[error] 
[error] Error: Failed to list Firebase projects. See firebase-debug.log for more info.
